# JRE version: OpenJDK Runtime Environment (24.0.1+11) (build 24.0.1+11)
# Java VM: OpenJDK 64-Bit Server VM (24.0.1+11, mixed mode, sharing, tiered, compressed oops, compressed class ptrs, g1 gc, windows-amd64)
GC Precious Log:
 CardTable entry size: 512
 Card Set container configuration: InlinePtr #cards 4 size 8 Array Of Cards #cards 32 size 80 Howl #buckets 8 coarsen threshold 7372 Howl Bitmap #cards 1024 size 144 coarsen threshold 921 Card regions per heap region 1 cards per card region 8192
 CPUs: 20 total, 20 available
 Memory: 32541M
 Large Page Support: Disabled
 NUMA Support: Disabled
 Compressed Oops: Enabled (Zero based)
 Heap Region Size: 4M
 Heap Min Capacity: 8M
 Heap Initial Capacity: 512M
 Heap Max Capacity: 8136M
 Pre-touch: Disabled
 Parallel Workers: 15
 Concurrent Workers: 4
 Concurrent Refinement Workers: 15
 Periodic GC: Disabled
Heap:
 garbage-first heap   total reserved 8331264K, committed 122880K, used 117567K [0x0000000603800000, 0x0000000800000000)
  region size 4096K, 26 young (106496K), 5 survivors (20480K)
 Metaspace       used 21291K, committed 21568K, reserved 1114112K
  class space    used 2395K, committed 2496K, reserved 1048576K
GC Heap History (18 events):
Event: 0.409 GC heap before
{Heap before GC invocations=0 (full 0):
 garbage-first heap   total reserved 8331264K, committed 528384K, used 50343K [0x0000000603800000, 0x0000000800000000)
  region size 4096K, 12 young (49152K), 0 survivors (0K)
 Metaspace       used 12779K, committed 12992K, reserved 1114112K
  class space    used 1235K, committed 1344K, reserved 1048576K
}
Event: 0.412 GC heap after
{Heap after GC invocations=1 (full 0):
 garbage-first heap   total reserved 8331264K, committed 528384K, used 8850K [0x0000000603800000, 0x0000000800000000)
  region size 4096K, 2 young (8192K), 2 survivors (8192K)
 Metaspace       used 12779K, committed 12992K, reserved 1114112K
  class space    used 1235K, committed 1344K, reserved 1048576K
}
Event: 0.441 GC heap before
{Heap before GC invocations=1 (full 0):
 garbage-first heap   total reserved 8331264K, committed 528384K, used 230034K [0x0000000603800000, 0x0000000800000000)
  region size 4096K, 56 young (229376K), 2 survivors (8192K)
 Metaspace       used 13959K, committed 14272K, reserved 1114112K
  class space    used 1450K, committed 1600K, reserved 1048576K
}
Event: 0.444 GC heap after
{Heap after GC invocations=2 (full 0):
 garbage-first heap   total reserved 8331264K, committed 528384K, used 9094K [0x0000000603800000, 0x0000000800000000)
  region size 4096K, 2 young (8192K), 2 survivors (8192K)
 Metaspace       used 13959K, committed 14272K, reserved 1114112K
  class space    used 1450K, committed 1600K, reserved 1048576K
}
Event: 0.454 GC heap before
{Heap before GC invocations=2 (full 0):
 garbage-first heap   total reserved 8331264K, committed 528384K, used 263046K [0x0000000603800000, 0x0000000800000000)
  region size 4096K, 64 young (262144K), 2 survivors (8192K)
 Metaspace       used 14318K, committed 14592K, reserved 1114112K
  class space    used 1515K, committed 1664K, reserved 1048576K
}
Event: 0.459 GC heap after
{Heap after GC invocations=3 (full 0):
 garbage-first heap   total reserved 8331264K, committed 528384K, used 8805K [0x0000000603800000, 0x0000000800000000)
  region size 4096K, 2 young (8192K), 2 survivors (8192K)
 Metaspace       used 14318K, committed 14592K, reserved 1114112K
  class space    used 1515K, committed 1664K, reserved 1048576K
}
Event: 17.342 GC heap before
{Heap before GC invocations=3 (full 0):
 garbage-first heap   total reserved 8331264K, committed 528384K, used 311909K [0x0000000603800000, 0x0000000800000000)
  region size 4096K, 74 young (303104K), 2 survivors (8192K)
 Metaspace       used 20502K, committed 20800K, reserved 1114112K
  class space    used 2393K, committed 2496K, reserved 1048576K
}
Event: 17.346 GC heap after
{Heap after GC invocations=4 (full 0):
 garbage-first heap   total reserved 8331264K, committed 528384K, used 24296K [0x0000000603800000, 0x0000000800000000)
  region size 4096K, 3 young (12288K), 3 survivors (12288K)
 Metaspace       used 20502K, committed 20800K, reserved 1114112K
  class space    used 2393K, committed 2496K, reserved 1048576K
}
Event: 17.370 GC heap before
{Heap before GC invocations=4 (full 0):
 garbage-first heap   total reserved 8331264K, committed 528384K, used 323304K [0x0000000603800000, 0x0000000800000000)
  region size 4096K, 76 young (311296K), 3 survivors (12288K)
 Metaspace       used 20532K, committed 20800K, reserved 1114112K
  class space    used 2393K, committed 2496K, reserved 1048576K
}
Event: 17.373 GC heap after
{Heap after GC invocations=5 (full 0):
 garbage-first heap   total reserved 8331264K, committed 528384K, used 25037K [0x0000000603800000, 0x0000000800000000)
  region size 4096K, 3 young (12288K), 3 survivors (12288K)
 Metaspace       used 20532K, committed 20800K, reserved 1114112K
  class space    used 2393K, committed 2496K, reserved 1048576K
}
Event: 17.395 GC heap before
{Heap before GC invocations=5 (full 0):
 garbage-first heap   total reserved 8331264K, committed 528384K, used 324045K [0x0000000603800000, 0x0000000800000000)
  region size 4096K, 76 young (311296K), 3 survivors (12288K)
 Metaspace       used 20563K, committed 20864K, reserved 1114112K
  class space    used 2393K, committed 2496K, reserved 1048576K
}
Event: 17.397 GC heap after
{Heap after GC invocations=6 (full 0):
 garbage-first heap   total reserved 8331264K, committed 528384K, used 26173K [0x0000000603800000, 0x0000000800000000)
  region size 4096K, 4 young (16384K), 4 survivors (16384K)
 Metaspace       used 20563K, committed 20864K, reserved 1114112K
  class space    used 2393K, committed 2496K, reserved 1048576K
}
Event: 17.423 GC heap before
{Heap before GC invocations=6 (full 0):
 garbage-first heap   total reserved 8331264K, committed 528384K, used 321085K [0x0000000603800000, 0x0000000800000000)
  region size 4096K, 76 young (311296K), 4 survivors (16384K)
 Metaspace       used 20621K, committed 20864K, reserved 1114112K
  class space    used 2393K, committed 2496K, reserved 1048576K
}
Event: 17.427 GC heap after
{Heap after GC invocations=7 (full 0):
 garbage-first heap   total reserved 8331264K, committed 1179648K, used 26599K [0x0000000603800000, 0x0000000800000000)
  region size 4096K, 4 young (16384K), 4 survivors (16384K)
 Metaspace       used 20621K, committed 20864K, reserved 1114112K
  class space    used 2393K, committed 2496K, reserved 1048576K
}
Event: 17.467 GC heap before
{Heap before GC invocations=7 (full 0):
 garbage-first heap   total reserved 8331264K, committed 1179648K, used 714727K [0x0000000603800000, 0x0000000800000000)
  region size 4096K, 172 young (704512K), 4 survivors (16384K)
 Metaspace       used 20774K, committed 21056K, reserved 1114112K
  class space    used 2393K, committed 2496K, reserved 1048576K
}
Event: 17.471 GC heap after
{Heap after GC invocations=8 (full 0):
 garbage-first heap   total reserved 8331264K, committed 1179648K, used 28198K [0x0000000603800000, 0x0000000800000000)
  region size 4096K, 4 young (16384K), 4 survivors (16384K)
 Metaspace       used 20774K, committed 21056K, reserved 1114112K
  class space    used 2393K, committed 2496K, reserved 1048576K
}
Event: 17.606 GC heap before
{Heap before GC invocations=8 (full 0):
 garbage-first heap   total reserved 8331264K, committed 1179648K, used 482854K [0x0000000603800000, 0x0000000800000000)
  region size 4096K, 116 young (475136K), 4 survivors (16384K)
 Metaspace       used 21272K, committed 21504K, reserved 1114112K
  class space    used 2395K, committed 2496K, reserved 1048576K
}
Event: 17.611 GC heap after
{Heap after GC invocations=9 (full 0):
 garbage-first heap   total reserved 8331264K, committed 1179648K, used 31551K [0x0000000603800000, 0x0000000800000000)
  region size 4096K, 5 young (20480K), 5 survivors (20480K)
 Metaspace       used 21272K, committed 21504K, reserved 1114112K
  class space    used 2395K, committed 2496K, reserved 1048576K
}

