# JRE version: Java(TM) SE Runtime Environment (24.0.1+9) (build 24.0.1+9-30)
# Java VM: Java HotSpot(TM) 64-Bit Server VM (24.0.1+9-30, mixed mode, sharing, tiered, compressed oops, compressed class ptrs, g1 gc, windows-amd64)
GC Precious Log:
 CardTable entry size: 512
 Card Set container configuration: InlinePtr #cards 4 size 8 Array Of Cards #cards 16 size 48 Howl #buckets 8 coarsen threshold 3686 Howl Bitmap #cards 512 size 80 coarsen threshold 460 Card regions per heap region 1 cards per card region 4096
 CPUs: 4 total, 4 available
 Memory: 15579M
 Large Page Support: Disabled
 NUMA Support: Disabled
 Compressed Oops: Enabled (Zero based)
 Heap Region Size: 2M
 Heap Min Capacity: 8M
 Heap Initial Capacity: 244M
 Heap Max Capacity: 3896M
 Pre-touch: Disabled
 Parallel Workers: 4
 Concurrent Workers: 1
 Concurrent Refinement Workers: 4
 Periodic GC: Disabled
Heap:
 garbage-first heap   total reserved 3989504K, committed 251904K, used 225714K [0x000000070c800000, 0x0000000800000000)
  region size 2048K, 73 young (149504K), 1 survivors (2048K)
 Metaspace       used 16244K, committed 16448K, reserved 1114112K
  class space    used 2084K, committed 2176K, reserved 1048576K
GC Heap History (20 events):
Event: 10.051 GC heap before
{Heap before GC invocations=4 (full 0):
 garbage-first heap   total reserved 3989504K, committed 251904K, used 161945K [0x000000070c800000, 0x0000000800000000)
  region size 2048K, 66 young (135168K), 1 survivors (2048K)
 Metaspace       used 15294K, committed 15552K, reserved 1114112K
  class space    used 2027K, committed 2112K, reserved 1048576K
}
Event: 10.053 GC heap after
{Heap after GC invocations=5 (full 0):
 garbage-first heap   total reserved 3989504K, committed 251904K, used 28596K [0x000000070c800000, 0x0000000800000000)
  region size 2048K, 1 young (2048K), 1 survivors (2048K)
 Metaspace       used 15294K, committed 15552K, reserved 1114112K
  class space    used 2027K, committed 2112K, reserved 1048576K
}
Event: 10.687 GC heap before
{Heap before GC invocations=5 (full 0):
 garbage-first heap   total reserved 3989504K, committed 251904K, used 171956K [0x000000070c800000, 0x0000000800000000)
  region size 2048K, 71 young (145408K), 1 survivors (2048K)
 Metaspace       used 15298K, committed 15552K, reserved 1114112K
  class space    used 2027K, committed 2112K, reserved 1048576K
}
Event: 10.692 GC heap after
{Heap after GC invocations=6 (full 0):
 garbage-first heap   total reserved 3989504K, committed 251904K, used 28632K [0x000000070c800000, 0x0000000800000000)
  region size 2048K, 1 young (2048K), 1 survivors (2048K)
 Metaspace       used 15298K, committed 15552K, reserved 1114112K
  class space    used 2027K, committed 2112K, reserved 1048576K
}
Event: 14.016 GC heap before
{Heap before GC invocations=6 (full 0):
 garbage-first heap   total reserved 3989504K, committed 251904K, used 176088K [0x000000070c800000, 0x0000000800000000)
  region size 2048K, 73 young (149504K), 1 survivors (2048K)
 Metaspace       used 15333K, committed 15552K, reserved 1114112K
  class space    used 2027K, committed 2112K, reserved 1048576K
}
Event: 14.021 GC heap after
{Heap after GC invocations=7 (full 0):
 garbage-first heap   total reserved 3989504K, committed 251904K, used 28630K [0x000000070c800000, 0x0000000800000000)
  region size 2048K, 1 young (2048K), 1 survivors (2048K)
 Metaspace       used 15333K, committed 15552K, reserved 1114112K
  class space    used 2027K, committed 2112K, reserved 1048576K
}
Event: 18.126 GC heap before
{Heap before GC invocations=7 (full 0):
 garbage-first heap   total reserved 3989504K, committed 251904K, used 176086K [0x000000070c800000, 0x0000000800000000)
  region size 2048K, 73 young (149504K), 1 survivors (2048K)
 Metaspace       used 15364K, committed 15616K, reserved 1114112K
  class space    used 2027K, committed 2112K, reserved 1048576K
}
Event: 18.131 GC heap after
{Heap after GC invocations=8 (full 0):
 garbage-first heap   total reserved 3989504K, committed 251904K, used 28664K [0x000000070c800000, 0x0000000800000000)
  region size 2048K, 1 young (2048K), 1 survivors (2048K)
 Metaspace       used 15364K, committed 15616K, reserved 1114112K
  class space    used 2027K, committed 2112K, reserved 1048576K
}
Event: 21.454 GC heap before
{Heap before GC invocations=8 (full 0):
 garbage-first heap   total reserved 3989504K, committed 251904K, used 178168K [0x000000070c800000, 0x0000000800000000)
  region size 2048K, 73 young (149504K), 1 survivors (2048K)
 Metaspace       used 15643K, committed 15872K, reserved 1114112K
  class space    used 2065K, committed 2176K, reserved 1048576K
}
Event: 21.460 GC heap after
{Heap after GC invocations=9 (full 0):
 garbage-first heap   total reserved 3989504K, committed 251904K, used 30797K [0x000000070c800000, 0x0000000800000000)
  region size 2048K, 1 young (2048K), 1 survivors (2048K)
 Metaspace       used 15643K, committed 15872K, reserved 1114112K
  class space    used 2065K, committed 2176K, reserved 1048576K
}
Event: 25.573 GC heap before
{Heap before GC invocations=9 (full 0):
 garbage-first heap   total reserved 3989504K, committed 251904K, used 178253K [0x000000070c800000, 0x0000000800000000)
  region size 2048K, 73 young (149504K), 1 survivors (2048K)
 Metaspace       used 15849K, committed 16128K, reserved 1114112K
  class space    used 2069K, committed 2176K, reserved 1048576K
}
Event: 25.578 GC heap after
{Heap after GC invocations=10 (full 0):
 garbage-first heap   total reserved 3989504K, committed 251904K, used 30748K [0x000000070c800000, 0x0000000800000000)
  region size 2048K, 1 young (2048K), 1 survivors (2048K)
 Metaspace       used 15849K, committed 16128K, reserved 1114112K
  class space    used 2069K, committed 2176K, reserved 1048576K
}
Event: 29.694 GC heap before
{Heap before GC invocations=10 (full 0):
 garbage-first heap   total reserved 3989504K, committed 251904K, used 186396K [0x000000070c800000, 0x0000000800000000)
  region size 2048K, 73 young (149504K), 1 survivors (2048K)
 Metaspace       used 15918K, committed 16192K, reserved 1114112K
  class space    used 2075K, committed 2176K, reserved 1048576K
}
Event: 29.699 GC heap after
{Heap after GC invocations=11 (full 0):
 garbage-first heap   total reserved 3989504K, committed 251904K, used 36968K [0x000000070c800000, 0x0000000800000000)
  region size 2048K, 1 young (2048K), 1 survivors (2048K)
 Metaspace       used 15918K, committed 16192K, reserved 1114112K
  class space    used 2075K, committed 2176K, reserved 1048576K
}
Event: 33.814 GC heap before
{Heap before GC invocations=11 (full 0):
 garbage-first heap   total reserved 3989504K, committed 251904K, used 184424K [0x000000070c800000, 0x0000000800000000)
  region size 2048K, 73 young (149504K), 1 survivors (2048K)
 Metaspace       used 16135K, committed 16320K, reserved 1114112K
  class space    used 2076K, committed 2176K, reserved 1048576K
}
Event: 33.820 GC heap after
{Heap after GC invocations=12 (full 0):
 garbage-first heap   total reserved 3989504K, committed 251904K, used 37029K [0x000000070c800000, 0x0000000800000000)
  region size 2048K, 1 young (2048K), 1 survivors (2048K)
 Metaspace       used 16135K, committed 16320K, reserved 1114112K
  class space    used 2076K, committed 2176K, reserved 1048576K
}
Event: 34.818 GC heap before
{Heap before GC invocations=12 (full 0):
 garbage-first heap   total reserved 3989504K, committed 251904K, used 186533K [0x000000070c800000, 0x0000000800000000)
  region size 2048K, 73 young (149504K), 1 survivors (2048K)
 Metaspace       used 16182K, committed 16384K, reserved 1114112K
  class space    used 2084K, committed 2176K, reserved 1048576K
}
Event: 34.820 GC heap after
{Heap after GC invocations=13 (full 0):
 garbage-first heap   total reserved 3989504K, committed 251904K, used 40952K [0x000000070c800000, 0x0000000800000000)
  region size 2048K, 1 young (2048K), 1 survivors (2048K)
 Metaspace       used 16182K, committed 16384K, reserved 1114112K
  class space    used 2084K, committed 2176K, reserved 1048576K
}
Event: 36.119 GC heap before
{Heap before GC invocations=13 (full 0):
 garbage-first heap   total reserved 3989504K, committed 251904K, used 223224K [0x000000070c800000, 0x0000000800000000)
  region size 2048K, 73 young (149504K), 1 survivors (2048K)
 Metaspace       used 16242K, committed 16448K, reserved 1114112K
  class space    used 2084K, committed 2176K, reserved 1048576K
}
Event: 36.123 GC heap after
{Heap after GC invocations=14 (full 0):
 garbage-first heap   total reserved 3989504K, committed 251904K, used 78258K [0x000000070c800000, 0x0000000800000000)
  region size 2048K, 1 young (2048K), 1 survivors (2048K)
 Metaspace       used 16242K, committed 16448K, reserved 1114112K
  class space    used 2084K, committed 2176K, reserved 1048576K
}

